This is pdfTeX, Version 3.14159265-2.6-1.40.20 (TeX Live 2019/Debian) (preloaded format=pdflatex 2022.6.22)  28 JUN 2022 17:23
entering extended mode
 restricted \write18 enabled.
 file:line:error style messages enabled.
 %&-line parsing enabled.
**/home/tanwar/summer22/cs229/cs229-content-summer2020/Exercises/2022/pset1_sol/tex/ps1.tex
(/home/tanwar/summer22/cs229/cs229-content-summer2020/Exercises/2022/pset1_sol/tex/ps1.tex
LaTeX2e <2020-02-02> patch level 2
L3 programming layer <2020-02-14> (/home/tanwar/summer22/cs229/cs229-content-summer2020/Exercises/2022/pset1_sol/tex/macros.tex (/usr/share/texlive/texmf-dist/tex/latex/base/article.cls
Document Class: article 2019/12/20 v1.4l Standard LaTeX document class
(/usr/share/texlive/texmf-dist/tex/latex/base/size10.clo
File: size10.clo 2019/12/20 v1.4l Standard LaTeX file (size option)
)
\c@part=\count167
\c@section=\count168
\c@subsection=\count169
\c@subsubsection=\count170
\c@paragraph=\count171
\c@subparagraph=\count172
\c@figure=\count173
\c@table=\count174
\abovecaptionskip=\skip47
\belowcaptionskip=\skip48
\bibindent=\dimen134
) (/usr/share/texlive/texmf-dist/tex/latex/graphics/graphicx.sty
Package: graphicx 2019/11/30 v1.2a Enhanced LaTeX Graphics (DPC,SPQR)
 (/usr/share/texlive/texmf-dist/tex/latex/graphics/keyval.sty
Package: keyval 2014/10/28 v1.15 key=value parser (DPC)
\KV@toks@=\toks14
) (/usr/share/texlive/texmf-dist/tex/latex/graphics/graphics.sty
Package: graphics 2019/11/30 v1.4a Standard LaTeX Graphics (DPC,SPQR)
 (/usr/share/texlive/texmf-dist/tex/latex/graphics/trig.sty
Package: trig 2016/01/03 v1.10 sin cos tan (DPC)
) (/usr/share/texlive/texmf-dist/tex/latex/graphics-cfg/graphics.cfg
File: graphics.cfg 2016/06/04 v1.11 sample graphics configuration
)
Package graphics Info: Driver file: pdftex.def on input line 105.
 (/usr/share/texlive/texmf-dist/tex/latex/graphics-def/pdftex.def
File: pdftex.def 2018/01/08 v1.0l Graphics/color driver for pdftex
))
\Gin@req@height=\dimen135
\Gin@req@width=\dimen136
) (/usr/share/texlive/texmf-dist/tex/latex/ncctools/nccmath.sty
Package: nccmath 2006/01/20 v1.3 Additional Math Commands (NCC)
 (/usr/share/texlive/texmf-dist/tex/latex/amsmath/amsmath.sty
Package: amsmath 2020/01/20 v2.17e AMS math features
\@mathmargin=\skip49

For additional information on amsmath, use the `?' option.
(/usr/share/texlive/texmf-dist/tex/latex/amsmath/amstext.sty
Package: amstext 2000/06/29 v2.01 AMS text
 (/usr/share/texlive/texmf-dist/tex/latex/amsmath/amsgen.sty
File: amsgen.sty 1999/11/30 v2.0 generic functions
\@emptytoks=\toks15
\ex@=\dimen137
)) (/usr/share/texlive/texmf-dist/tex/latex/amsmath/amsbsy.sty
Package: amsbsy 1999/11/29 v1.2d Bold Symbols
\pmbraise@=\dimen138
) (/usr/share/texlive/texmf-dist/tex/latex/amsmath/amsopn.sty
Package: amsopn 2016/03/08 v2.02 operator names
)
\inf@bad=\count175
LaTeX Info: Redefining \frac on input line 227.
\uproot@=\count176
\leftroot@=\count177
LaTeX Info: Redefining \overline on input line 389.
\classnum@=\count178
\DOTSCASE@=\count179
LaTeX Info: Redefining \ldots on input line 486.
LaTeX Info: Redefining \dots on input line 489.
LaTeX Info: Redefining \cdots on input line 610.
\Mathstrutbox@=\box45
\strutbox@=\box46
\big@size=\dimen139
LaTeX Font Info:    Redeclaring font encoding OML on input line 733.
LaTeX Font Info:    Redeclaring font encoding OMS on input line 734.
\macc@depth=\count180
\c@MaxMatrixCols=\count181
\dotsspace@=\muskip16
\c@parentequation=\count182
\dspbrk@lvl=\count183
\tag@help=\toks16
\row@=\count184
\column@=\count185
\maxfields@=\count186
\andhelp@=\toks17
\eqnshift@=\dimen140
\alignsep@=\dimen141
\tagshift@=\dimen142
\tagwidth@=\dimen143
\totwidth@=\dimen144
\lineht@=\dimen145
\@envbody=\toks18
\multlinegap=\skip50
\multlinetaggap=\skip51
\mathdisplay@stack=\toks19
LaTeX Info: Redefining \[ on input line 2859.
LaTeX Info: Redefining \] on input line 2860.
)
\NCC@fracrulewidth=\dimen146
) (/usr/share/texlive/texmf-dist/tex/latex/mathtools/mathtools.sty
Package: mathtools 2020/01/17 v1.23 mathematical typesetting tools
 (/usr/share/texlive/texmf-dist/tex/latex/tools/calc.sty
Package: calc 2017/05/25 v4.3 Infix arithmetic (KKT,FJ)
\calc@Acount=\count187
\calc@Bcount=\count188
\calc@Adimen=\dimen147
\calc@Bdimen=\dimen148
\calc@Askip=\skip52
\calc@Bskip=\skip53
LaTeX Info: Redefining \setlength on input line 80.
LaTeX Info: Redefining \addtolength on input line 81.
\calc@Ccount=\count189
\calc@Cskip=\skip54
) (/usr/share/texlive/texmf-dist/tex/latex/mathtools/mhsetup.sty
Package: mhsetup 2017/03/31 v1.3 programming setup (MH)
)
LaTeX Info: Thecontrolsequence`\('isalreadyrobust on input line 129.
LaTeX Info: Thecontrolsequence`\)'isalreadyrobust on input line 129.
LaTeX Info: Thecontrolsequence`\['isalreadyrobust on input line 129.
LaTeX Info: Thecontrolsequence`\]'isalreadyrobust on input line 129.
\g_MT_multlinerow_int=\count190
\l_MT_multwidth_dim=\dimen149
\origjot=\skip55
\l_MT_shortvdotswithinadjustabove_dim=\dimen150
\l_MT_shortvdotswithinadjustbelow_dim=\dimen151
\l_MT_above_intertext_sep=\dimen152
\l_MT_below_intertext_sep=\dimen153
\l_MT_above_shortintertext_sep=\dimen154
\l_MT_below_shortintertext_sep=\dimen155
) (/usr/share/texlive/texmf-dist/tex/latex/caption/caption.sty
Package: caption 2020/01/03 v3.4h Customizing captions (AR)
 (/usr/share/texlive/texmf-dist/tex/latex/caption/caption3.sty
Package: caption3 2020/01/03 v1.8h caption3 kernel (AR)
Package caption3 Info: TeX engine: e-TeX on input line 61.
\captionmargin=\dimen156
\captionmargin@=\dimen157
\captionwidth=\dimen158
\caption@tempdima=\dimen159
\caption@indent=\dimen160
\caption@parindent=\dimen161
\caption@hangindent=\dimen162
Package caption Info: Standard document class detected.
)
\c@caption@flags=\count191
\c@continuedfloat=\count192
) (/usr/share/texlive/texmf-dist/tex/latex/enumitem/enumitem.sty
Package: enumitem 2019/06/20 v3.9 Customized lists
\labelindent=\skip56
\enit@outerparindent=\dimen163
\enit@toks=\toks20
\enit@inbox=\box47
\enit@count@id=\count193
\enitdp@description=\count194
) (/usr/share/texlive/texmf-dist/tex/latex/epstopdf-pkg/epstopdf.sty
Package: epstopdf 2020-01-24 v2.11 Conversion with epstopdf on the fly (HO)
 (/usr/share/texlive/texmf-dist/tex/generic/infwarerr/infwarerr.sty
Package: infwarerr 2019/12/03 v1.5 Providing info/warning/error messages (HO)
) (/usr/share/texlive/texmf-dist/tex/latex/grfext/grfext.sty
Package: grfext 2019/12/03 v1.3 Manage graphics extensions (HO)
 (/usr/share/texlive/texmf-dist/tex/generic/kvdefinekeys/kvdefinekeys.sty
Package: kvdefinekeys 2019-12-19 v1.6 Define keys (HO)
)) (/usr/share/texlive/texmf-dist/tex/latex/kvoptions/kvoptions.sty
Package: kvoptions 2019/11/29 v3.13 Key value format for package options (HO)
 (/usr/share/texlive/texmf-dist/tex/generic/ltxcmds/ltxcmds.sty
Package: ltxcmds 2019/12/15 v1.24 LaTeX kernel commands for general use (HO)
) (/usr/share/texlive/texmf-dist/tex/generic/kvsetkeys/kvsetkeys.sty
Package: kvsetkeys 2019/12/15 v1.18 Key value parser (HO)
)) (/usr/share/texlive/texmf-dist/tex/latex/pdftexcmds/pdftexcmds.sty
Package: pdftexcmds 2019/11/24 v0.31 Utility functions of pdfTeX for LuaTeX (HO)
 (/usr/share/texlive/texmf-dist/tex/generic/iftex/iftex.sty
Package: iftex 2019/11/07 v1.0c TeX engine tests
)
Package pdftexcmds Info: \pdf@primitive is available.
Package pdftexcmds Info: \pdf@ifprimitive is available.
Package pdftexcmds Info: \pdfdraftmode found.
) (/usr/share/texlive/texmf-dist/tex/latex/epstopdf-pkg/epstopdf-base.sty
Package: epstopdf-base 2020-01-24 v2.11 Base part for package epstopdf
Package epstopdf-base Info: Redefining graphics rule for `.eps' on input line 485.
Package grfext Info: Graphics extension search list:
(grfext)             [.pdf,.png,.jpg,.mps,.jpeg,.jbig2,.jb2,.PDF,.PNG,.JPG,.JPEG,.JBIG2,.JB2,.eps]
(grfext)             \AppendGraphicsExtensions on input line 504.
 (/usr/share/texlive/texmf-dist/tex/latex/latexconfig/epstopdf-sys.cfg
File: epstopdf-sys.cfg 2010/07/13 v1.3 Configuration of (r)epstopdf for TeX Live
))) (/usr/share/texlive/texmf-dist/tex/latex/caption/subcaption.sty
Package: subcaption 2020/01/22 v1.3d Sub-captions (AR)
\c@subfigure=\count195
\c@subtable=\count196
) (/usr/share/texlive/texmf-dist/tex/latex/psfrag/psfrag.sty
Package: psfrag 1998/04/11 v3.04 PSfrag (MCG)
\pfg@pcount=\count197
\pfg@scount=\count198
\pfg@temp=\write3
) (/usr/share/texlive/texmf-dist/tex/latex/amsfonts/amssymb.sty
Package: amssymb 2013/01/14 v3.01 AMS font symbols
 (/usr/share/texlive/texmf-dist/tex/latex/amsfonts/amsfonts.sty
Package: amsfonts 2013/01/14 v3.01 Basic AMSFonts support
\symAMSa=\mathgroup4
\symAMSb=\mathgroup5
LaTeX Font Info:    Redeclaring math symbol \hbar on input line 98.
LaTeX Font Info:    Overwriting math alphabet `\mathfrak' in version `bold'
(Font)                  U/euf/m/n --> U/euf/b/n on input line 106.
)) (/usr/share/texlive/texmf-dist/tex/generic/epsf/epsf.sty
This is `epsf.tex' v2.7.4 <14 February 2011>
\epsffilein=\read2
\epsfframemargin=\dimen164
\epsfframethickness=\dimen165
\epsfrsize=\dimen166
\epsftmp=\dimen167
\epsftsize=\dimen168
\epsfxsize=\dimen169
\epsfysize=\dimen170
\pspoints=\dimen171
) (/usr/share/texlive/texmf-dist/tex/latex/tools/verbatim.sty
Package: verbatim 2019/11/10 v1.5r LaTeX2e package for verbatim enhancements
\every@verbatim=\toks21
\verbatim@line=\toks22
\verbatim@in@stream=\read3
) (/usr/share/texlive/texmf-dist/tex/latex/url/url.sty
\Urlmuskip=\muskip17
Package: url 2013/09/16  ver 3.4  Verb mode for urls, etc.
) (/usr/share/texlive/texmf-dist/tex/latex/graphics/color.sty
Package: color 2019/11/23 v1.2a Standard LaTeX Color (DPC)
 (/usr/share/texlive/texmf-dist/tex/latex/graphics-cfg/color.cfg
File: color.cfg 2016/01/02 v1.6 sample color configuration
)
Package color Info: Driver file: pdftex.def on input line 147.
) (/usr/share/texlive/texmf-dist/tex/latex/bbm-macros/bbm.sty
Package: bbm 1999/03/15 V 1.2 provides fonts for set symbols - TH
LaTeX Font Info:    Overwriting math alphabet `\mathbbm' in version `bold'
(Font)                  U/bbm/m/n --> U/bbm/bx/n on input line 33.
LaTeX Font Info:    Overwriting math alphabet `\mathbbmss' in version `bold'
(Font)                  U/bbmss/m/n --> U/bbmss/bx/n on input line 35.
) (/usr/share/texlive/texmf-dist/tex/latex/listings/listings.sty
\lst@mode=\count199
\lst@gtempboxa=\box48
\lst@token=\toks23
\lst@length=\count266
\lst@currlwidth=\dimen172
\lst@column=\count267
\lst@pos=\count268
\lst@lostspace=\dimen173
\lst@width=\dimen174
\lst@newlines=\count269
\lst@lineno=\count270
\lst@maxwidth=\dimen175
 (/usr/share/texlive/texmf-dist/tex/latex/listings/lstmisc.sty
File: lstmisc.sty 2019/09/10 1.8c (Carsten Heinz)
\c@lstnumber=\count271
\lst@skipnumbers=\count272
\lst@framebox=\box49
) (/usr/share/texlive/texmf-dist/tex/latex/listings/listings.cfg
File: listings.cfg 2019/09/10 1.8c listings configuration
))
Package: listings 2019/09/10 1.8c (Carsten Heinz)
 (/usr/share/texlive/texmf-dist/tex/latex/setspace/setspace.sty
Package: setspace 2011/12/19 v6.7a set line spacing
) (/usr/share/texlive/texmf-dist/tex/latex/float/float.sty
Package: float 2001/11/08 v1.3d Float enhancements (AL)
\c@float@type=\count273
\float@exts=\toks24
\float@box=\box50
\@float@everytoks=\toks25
\@floatcapt=\box51
) (/usr/share/texlive/texmf-dist/tex/latex/natbib/natbib.sty
Package: natbib 2010/09/13 8.31b (PWD, AO)
\bibhang=\skip57
\bibsep=\skip58
LaTeX Info: Redefining \cite on input line 694.
\c@NAT@ctr=\count274
) (/usr/share/texlive/texmf-dist/tex/latex/pgf/frontendlayer/tikz.sty (/usr/share/texlive/texmf-dist/tex/latex/pgf/basiclayer/pgf.sty (/usr/share/texlive/texmf-dist/tex/latex/pgf/utilities/pgfrcs.sty (/usr/share/texlive/texmf-dist/tex/generic/pgf/utilities/pgfutil-common.tex
\pgfutil@everybye=\toks26
\pgfutil@tempdima=\dimen176
\pgfutil@tempdimb=\dimen177
 (/usr/share/texlive/texmf-dist/tex/generic/pgf/utilities/pgfutil-common-lists.tex)) (/usr/share/texlive/texmf-dist/tex/generic/pgf/utilities/pgfutil-latex.def
\pgfutil@abb=\box52
 (/usr/share/texlive/texmf-dist/tex/latex/ms/everyshi.sty
Package: everyshi 2001/05/15 v3.00 EveryShipout Package (MS)
)) (/usr/share/texlive/texmf-dist/tex/generic/pgf/utilities/pgfrcs.code.tex (/usr/share/texlive/texmf-dist/tex/generic/pgf/pgf.revision.tex)
Package: pgfrcs 2020/01/08 v3.1.5b (3.1.5b)
))
Package: pgf 2020/01/08 v3.1.5b (3.1.5b)
 (/usr/share/texlive/texmf-dist/tex/latex/pgf/basiclayer/pgfcore.sty (/usr/share/texlive/texmf-dist/tex/latex/pgf/systemlayer/pgfsys.sty (/usr/share/texlive/texmf-dist/tex/generic/pgf/systemlayer/pgfsys.code.tex
Package: pgfsys 2020/01/08 v3.1.5b (3.1.5b)
 (/usr/share/texlive/texmf-dist/tex/generic/pgf/utilities/pgfkeys.code.tex
\pgfkeys@pathtoks=\toks27
\pgfkeys@temptoks=\toks28
 (/usr/share/texlive/texmf-dist/tex/generic/pgf/utilities/pgfkeysfiltered.code.tex
\pgfkeys@tmptoks=\toks29
))
\pgf@x=\dimen178
\pgf@y=\dimen179
\pgf@xa=\dimen180
\pgf@ya=\dimen181
\pgf@xb=\dimen182
\pgf@yb=\dimen183
\pgf@xc=\dimen184
\pgf@yc=\dimen185
\pgf@xd=\dimen186
\pgf@yd=\dimen187
\w@pgf@writea=\write4
\r@pgf@reada=\read4
\c@pgf@counta=\count275
\c@pgf@countb=\count276
\c@pgf@countc=\count277
\c@pgf@countd=\count278
\t@pgf@toka=\toks30
\t@pgf@tokb=\toks31
\t@pgf@tokc=\toks32
\pgf@sys@id@count=\count279
 (/usr/share/texlive/texmf-dist/tex/generic/pgf/systemlayer/pgf.cfg
File: pgf.cfg 2020/01/08 v3.1.5b (3.1.5b)
)
Driver file for pgf: pgfsys-pdftex.def
 (/usr/share/texlive/texmf-dist/tex/generic/pgf/systemlayer/pgfsys-pdftex.def
File: pgfsys-pdftex.def 2020/01/08 v3.1.5b (3.1.5b)
 (/usr/share/texlive/texmf-dist/tex/generic/pgf/systemlayer/pgfsys-common-pdf.def
File: pgfsys-common-pdf.def 2020/01/08 v3.1.5b (3.1.5b)
))) (/usr/share/texlive/texmf-dist/tex/generic/pgf/systemlayer/pgfsyssoftpath.code.tex
File: pgfsyssoftpath.code.tex 2020/01/08 v3.1.5b (3.1.5b)
\pgfsyssoftpath@smallbuffer@items=\count280
\pgfsyssoftpath@bigbuffer@items=\count281
) (/usr/share/texlive/texmf-dist/tex/generic/pgf/systemlayer/pgfsysprotocol.code.tex
File: pgfsysprotocol.code.tex 2020/01/08 v3.1.5b (3.1.5b)
)) (/usr/share/texlive/texmf-dist/tex/latex/xcolor/xcolor.sty
Package: xcolor 2016/05/11 v2.12 LaTeX color extensions (UK)
 (/usr/share/texlive/texmf-dist/tex/latex/graphics-cfg/color.cfg
File: color.cfg 2016/01/02 v1.6 sample color configuration
)
Package xcolor Info: Driver file: pdftex.def on input line 225.
LaTeX Info: Redefining \color on input line 709.
Package xcolor Info: Model `cmy' substituted by `cmy0' on input line 1348.
Package xcolor Info: Model `hsb' substituted by `rgb' on input line 1352.
Package xcolor Info: Model `RGB' extended on input line 1364.
Package xcolor Info: Model `HTML' substituted by `rgb' on input line 1366.
Package xcolor Info: Model `Hsb' substituted by `hsb' on input line 1367.
Package xcolor Info: Model `tHsb' substituted by `hsb' on input line 1368.
Package xcolor Info: Model `HSB' substituted by `hsb' on input line 1369.
Package xcolor Info: Model `Gray' substituted by `gray' on input line 1370.
Package xcolor Info: Model `wave' substituted by `hsb' on input line 1371.
) (/usr/share/texlive/texmf-dist/tex/generic/pgf/basiclayer/pgfcore.code.tex
Package: pgfcore 2020/01/08 v3.1.5b (3.1.5b)
 (/usr/share/texlive/texmf-dist/tex/generic/pgf/math/pgfmath.code.tex (/usr/share/texlive/texmf-dist/tex/generic/pgf/math/pgfmathcalc.code.tex (/usr/share/texlive/texmf-dist/tex/generic/pgf/math/pgfmathutil.code.tex) (/usr/share/texlive/texmf-dist/tex/generic/pgf/math/pgfmathparser.code.tex
\pgfmath@dimen=\dimen188
\pgfmath@count=\count282
\pgfmath@box=\box53
\pgfmath@toks=\toks33
\pgfmath@stack@operand=\toks34
\pgfmath@stack@operation=\toks35
) (/usr/share/texlive/texmf-dist/tex/generic/pgf/math/pgfmathfunctions.code.tex (/usr/share/texlive/texmf-dist/tex/generic/pgf/math/pgfmathfunctions.basic.code.tex) (/usr/share/texlive/texmf-dist/tex/generic/pgf/math/pgfmathfunctions.trigonometric.code.tex) (/usr/share/texlive/texmf-dist/tex/generic/pgf/math/pgfmathfunctions.random.code.tex) (/usr/share/texlive/texmf-dist/tex/generic/pgf/math/pgfmathfunctions.comparison.code.tex) (/usr/share/texlive/texmf-dist/tex/generic/pgf/math/pgfmathfunctions.base.code.tex) (/usr/share/texlive/texmf-dist/tex/generic/pgf/math/pgfmathfunctions.round.code.tex) (/usr/share/texlive/texmf-dist/tex/generic/pgf/math/pgfmathfunctions.misc.code.tex) (/usr/share/texlive/texmf-dist/tex/generic/pgf/math/pgfmathfunctions.integerarithmetics.code.tex))) (/usr/share/texlive/texmf-dist/tex/generic/pgf/math/pgfmathfloat.code.tex
\c@pgfmathroundto@lastzeros=\count283
)) (/usr/share/texlive/texmf-dist/tex/generic/pgf/math/pgfint.code.tex) (/usr/share/texlive/texmf-dist/tex/generic/pgf/basiclayer/pgfcorepoints.code.tex
File: pgfcorepoints.code.tex 2020/01/08 v3.1.5b (3.1.5b)
\pgf@picminx=\dimen189
\pgf@picmaxx=\dimen190
\pgf@picminy=\dimen191
\pgf@picmaxy=\dimen192
\pgf@pathminx=\dimen193
\pgf@pathmaxx=\dimen194
\pgf@pathminy=\dimen195
\pgf@pathmaxy=\dimen196
\pgf@xx=\dimen197
\pgf@xy=\dimen198
\pgf@yx=\dimen199
\pgf@yy=\dimen256
\pgf@zx=\dimen257
\pgf@zy=\dimen258
) (/usr/share/texlive/texmf-dist/tex/generic/pgf/basiclayer/pgfcorepathconstruct.code.tex
File: pgfcorepathconstruct.code.tex 2020/01/08 v3.1.5b (3.1.5b)
\pgf@path@lastx=\dimen259
\pgf@path@lasty=\dimen260
) (/usr/share/texlive/texmf-dist/tex/generic/pgf/basiclayer/pgfcorepathusage.code.tex
File: pgfcorepathusage.code.tex 2020/01/08 v3.1.5b (3.1.5b)
\pgf@shorten@end@additional=\dimen261
\pgf@shorten@start@additional=\dimen262
) (/usr/share/texlive/texmf-dist/tex/generic/pgf/basiclayer/pgfcorescopes.code.tex
File: pgfcorescopes.code.tex 2020/01/08 v3.1.5b (3.1.5b)
\pgfpic=\box54
\pgf@hbox=\box55
\pgf@layerbox@main=\box56
\pgf@picture@serial@count=\count284
) (/usr/share/texlive/texmf-dist/tex/generic/pgf/basiclayer/pgfcoregraphicstate.code.tex
File: pgfcoregraphicstate.code.tex 2020/01/08 v3.1.5b (3.1.5b)
\pgflinewidth=\dimen263
) (/usr/share/texlive/texmf-dist/tex/generic/pgf/basiclayer/pgfcoretransformations.code.tex
File: pgfcoretransformations.code.tex 2020/01/08 v3.1.5b (3.1.5b)
\pgf@pt@x=\dimen264
\pgf@pt@y=\dimen265
\pgf@pt@temp=\dimen266
) (/usr/share/texlive/texmf-dist/tex/generic/pgf/basiclayer/pgfcorequick.code.tex
File: pgfcorequick.code.tex 2020/01/08 v3.1.5b (3.1.5b)
) (/usr/share/texlive/texmf-dist/tex/generic/pgf/basiclayer/pgfcoreobjects.code.tex
File: pgfcoreobjects.code.tex 2020/01/08 v3.1.5b (3.1.5b)
) (/usr/share/texlive/texmf-dist/tex/generic/pgf/basiclayer/pgfcorepathprocessing.code.tex
File: pgfcorepathprocessing.code.tex 2020/01/08 v3.1.5b (3.1.5b)
) (/usr/share/texlive/texmf-dist/tex/generic/pgf/basiclayer/pgfcorearrows.code.tex
File: pgfcorearrows.code.tex 2020/01/08 v3.1.5b (3.1.5b)
\pgfarrowsep=\dimen267
) (/usr/share/texlive/texmf-dist/tex/generic/pgf/basiclayer/pgfcoreshade.code.tex
File: pgfcoreshade.code.tex 2020/01/08 v3.1.5b (3.1.5b)
\pgf@max=\dimen268
\pgf@sys@shading@range@num=\count285
\pgf@shadingcount=\count286
) (/usr/share/texlive/texmf-dist/tex/generic/pgf/basiclayer/pgfcoreimage.code.tex
File: pgfcoreimage.code.tex 2020/01/08 v3.1.5b (3.1.5b)
 (/usr/share/texlive/texmf-dist/tex/generic/pgf/basiclayer/pgfcoreexternal.code.tex
File: pgfcoreexternal.code.tex 2020/01/08 v3.1.5b (3.1.5b)
\pgfexternal@startupbox=\box57
)) (/usr/share/texlive/texmf-dist/tex/generic/pgf/basiclayer/pgfcorelayers.code.tex
File: pgfcorelayers.code.tex 2020/01/08 v3.1.5b (3.1.5b)
) (/usr/share/texlive/texmf-dist/tex/generic/pgf/basiclayer/pgfcoretransparency.code.tex
File: pgfcoretransparency.code.tex 2020/01/08 v3.1.5b (3.1.5b)
) (/usr/share/texlive/texmf-dist/tex/generic/pgf/basiclayer/pgfcorepatterns.code.tex
File: pgfcorepatterns.code.tex 2020/01/08 v3.1.5b (3.1.5b)
) (/usr/share/texlive/texmf-dist/tex/generic/pgf/basiclayer/pgfcorerdf.code.tex
File: pgfcorerdf.code.tex 2020/01/08 v3.1.5b (3.1.5b)
))) (/usr/share/texlive/texmf-dist/tex/generic/pgf/modules/pgfmoduleshapes.code.tex
File: pgfmoduleshapes.code.tex 2020/01/08 v3.1.5b (3.1.5b)
\pgfnodeparttextbox=\box58
) (/usr/share/texlive/texmf-dist/tex/generic/pgf/modules/pgfmoduleplot.code.tex
File: pgfmoduleplot.code.tex 2020/01/08 v3.1.5b (3.1.5b)
) (/usr/share/texlive/texmf-dist/tex/latex/pgf/compatibility/pgfcomp-version-0-65.sty
Package: pgfcomp-version-0-65 2020/01/08 v3.1.5b (3.1.5b)
\pgf@nodesepstart=\dimen269
\pgf@nodesepend=\dimen270
) (/usr/share/texlive/texmf-dist/tex/latex/pgf/compatibility/pgfcomp-version-1-18.sty
Package: pgfcomp-version-1-18 2020/01/08 v3.1.5b (3.1.5b)
)) (/usr/share/texlive/texmf-dist/tex/latex/pgf/utilities/pgffor.sty (/usr/share/texlive/texmf-dist/tex/latex/pgf/utilities/pgfkeys.sty (/usr/share/texlive/texmf-dist/tex/generic/pgf/utilities/pgfkeys.code.tex)) (/usr/share/texlive/texmf-dist/tex/latex/pgf/math/pgfmath.sty (/usr/share/texlive/texmf-dist/tex/generic/pgf/math/pgfmath.code.tex)) (/usr/share/texlive/texmf-dist/tex/generic/pgf/utilities/pgffor.code.tex
Package: pgffor 2020/01/08 v3.1.5b (3.1.5b)
 (/usr/share/texlive/texmf-dist/tex/generic/pgf/math/pgfmath.code.tex)
\pgffor@iter=\dimen271
\pgffor@skip=\dimen272
\pgffor@stack=\toks36
\pgffor@toks=\toks37
)) (/usr/share/texlive/texmf-dist/tex/generic/pgf/frontendlayer/tikz/tikz.code.tex
Package: tikz 2020/01/08 v3.1.5b (3.1.5b)
 (/usr/share/texlive/texmf-dist/tex/generic/pgf/libraries/pgflibraryplothandlers.code.tex
File: pgflibraryplothandlers.code.tex 2020/01/08 v3.1.5b (3.1.5b)
\pgf@plot@mark@count=\count287
\pgfplotmarksize=\dimen273
)
\tikz@lastx=\dimen274
\tikz@lasty=\dimen275
\tikz@lastxsaved=\dimen276
\tikz@lastysaved=\dimen277
\tikz@lastmovetox=\dimen278
\tikz@lastmovetoy=\dimen279
\tikzleveldistance=\dimen280
\tikzsiblingdistance=\dimen281
\tikz@figbox=\box59
\tikz@figbox@bg=\box60
\tikz@tempbox=\box61
\tikz@tempbox@bg=\box62
\tikztreelevel=\count288
\tikznumberofchildren=\count289
\tikznumberofcurrentchild=\count290
\tikz@fig@count=\count291
 (/usr/share/texlive/texmf-dist/tex/generic/pgf/modules/pgfmodulematrix.code.tex
File: pgfmodulematrix.code.tex 2020/01/08 v3.1.5b (3.1.5b)
\pgfmatrixcurrentrow=\count292
\pgfmatrixcurrentcolumn=\count293
\pgf@matrix@numberofcolumns=\count294
)
\tikz@expandcount=\count295
 (/usr/share/texlive/texmf-dist/tex/generic/pgf/frontendlayer/tikz/libraries/tikzlibrarytopaths.code.tex
File: tikzlibrarytopaths.code.tex 2020/01/08 v3.1.5b (3.1.5b)
))) (/usr/share/texlive/texmf-dist/tex/latex/bbding/bbding.sty
Package: bbding 1999/04/15 v1.01 Dingbats symbols
) (/usr/share/texlive/texmf-dist/tex/latex/psnfss/pifont.sty
Package: pifont 2005/04/12 PSNFSS-v9.2a Pi font support (SPQR) 
LaTeX Font Info:    Trying to load font information for U+pzd on input line 63.
 (/usr/share/texlive/texmf-dist/tex/latex/psnfss/upzd.fd
File: upzd.fd 2001/06/04 font definitions for U/pzd.
)
LaTeX Font Info:    Trying to load font information for U+psy on input line 64.
 (/usr/share/texlive/texmf-dist/tex/latex/psnfss/upsy.fd
File: upsy.fd 2001/06/04 font definitions for U/psy.
)) (/usr/share/texlive/texmf-dist/tex/latex/wasysym/wasysym.sty
Package: wasysym 2020/01/19 v2.4 Wasy-2 symbol support package
\symwasy=\mathgroup6
LaTeX Font Info:    Overwriting symbol font `wasy' in version `bold'
(Font)                  U/wasy/m/n --> U/wasy/b/n on input line 93.
) (/usr/share/texlive/texmf-dist/tex/latex/booktabs/booktabs.sty
Package: booktabs 2020/01/12 v1.61803398 Publication quality tables
\heavyrulewidth=\dimen282
\lightrulewidth=\dimen283
\cmidrulewidth=\dimen284
\belowrulesep=\dimen285
\belowbottomsep=\dimen286
\aboverulesep=\dimen287
\abovetopsep=\dimen288
\cmidrulesep=\dimen289
\cmidrulekern=\dimen290
\defaultaddspace=\dimen291
\@cmidla=\count296
\@cmidlb=\count297
\@aboverulesep=\dimen292
\@belowrulesep=\dimen293
\@thisruleclass=\count298
\@lastruleclass=\count299
\@thisrulewidth=\dimen294
)) (/usr/share/texlive/texmf-dist/tex/latex/l3backend/l3backend-pdfmode.def
File: l3backend-pdfmode.def 2020-02-03 L3 backend support: PDF mode
\l__kernel_color_stack_int=\count300
\l__pdf_internal_box=\box63
) (/home/tanwar/summer22/cs229/cs229-content-summer2020/Exercises/2022/pset1_sol/tex/ps1.aux)
\openout1 = `ps1.aux'.

LaTeX Font Info:    Checking defaults for OML/cmm/m/it on input line 25.
LaTeX Font Info:    ... okay on input line 25.
LaTeX Font Info:    Checking defaults for OMS/cmsy/m/n on input line 25.
LaTeX Font Info:    ... okay on input line 25.
LaTeX Font Info:    Checking defaults for OT1/cmr/m/n on input line 25.
LaTeX Font Info:    ... okay on input line 25.
LaTeX Font Info:    Checking defaults for T1/cmr/m/n on input line 25.
LaTeX Font Info:    ... okay on input line 25.
LaTeX Font Info:    Checking defaults for TS1/cmr/m/n on input line 25.
LaTeX Font Info:    ... okay on input line 25.
LaTeX Font Info:    Checking defaults for OMX/cmex/m/n on input line 25.
LaTeX Font Info:    ... okay on input line 25.
LaTeX Font Info:    Checking defaults for U/cmr/m/n on input line 25.
LaTeX Font Info:    ... okay on input line 25.
 (/usr/share/texlive/texmf-dist/tex/context/base/mkii/supp-pdf.mkii
[Loading MPS to PDF converter (version 2006.09.02).]
\scratchcounter=\count301
\scratchdimen=\dimen295
\scratchbox=\box64
\nofMPsegments=\count302
\nofMParguments=\count303
\everyMPshowfont=\toks38
\MPscratchCnt=\count304
\MPscratchDim=\dimen296
\MPnumerator=\count305
\makeMPintoPDFobject=\count306
\everyMPtoPDFconversion=\toks39
)
Package caption Info: Begin \AtBeginDocument code.
Package caption Info: float package is loaded.
Package caption Info: listings package is loaded.
Package caption Info: End \AtBeginDocument code.
\c@lstlisting=\count307
 ABD: EveryShipout initializing macros
Underfull \hbox (badness 10000) in paragraph at lines 30--37

 []

(/home/tanwar/summer22/cs229/cs229-content-summer2020/Exercises/2022/pset1_sol/tex/00-instructions/00-main.tex (/home/tanwar/summer22/cs229/cs229-content-summer2020/Exercises/2022/pset1_sol/tex/00-instructions/01-general.tex
LaTeX Font Info:    Trying to load font information for U+msa on input line 6.
 (/usr/share/texlive/texmf-dist/tex/latex/amsfonts/umsa.fd
File: umsa.fd 2013/01/14 v3.01 AMS symbols A
)
LaTeX Font Info:    Trying to load font information for U+msb on input line 6.
 (/usr/share/texlive/texmf-dist/tex/latex/amsfonts/umsb.fd
File: umsb.fd 2013/01/14 v3.01 AMS symbols B
)
LaTeX Font Info:    Trying to load font information for U+wasy on input line 6.
 (/usr/share/texlive/texmf-dist/tex/latex/wasysym/uwasy.fd
File: uwasy.fd 2020/01/19 v2.4 Wasy-2 symbol font definitions
)) (/home/tanwar/summer22/cs229/cs229-content-summer2020/Exercises/2022/pset1_sol/tex/00-instructions/02-submission.tex))

Package enumitem Warning: Negative labelwidth. This does not make much
(enumitem)                sense, on input line 46.

[1
Non-PDF special ignored!
<special> header=psfrag.pro
{/var/lib/texmf/fonts/map/pdftex/updmap/pdftex.map}

] (/home/tanwar/summer22/cs229/cs229-content-summer2020/Exercises/2022/pset1_sol/tex/linearclass/00-main.tex (/home/tanwar/summer22/cs229/cs229-content-summer2020/Exercises/2022/pset1_sol/tex/linearclass/01-logreg.tex) (/home/tanwar/summer22/cs229/cs229-content-summer2020/Exercises/2022/pset1_sol/tex/linearclass/01-logreg-sol.tex [2

]) (/home/tanwar/summer22/cs229/cs229-content-summer2020/Exercises/2022/pset1_sol/tex/linearclass/02-solve-logreg.tex) (/home/tanwar/summer22/cs229/cs229-content-summer2020/Exercises/2022/pset1_sol/tex/linearclass/02-solve-logreg-sol.tex
<../src/linearclass/logreg_pred_1.png, id=26, 462.528pt x 346.896pt>
File: ../src/linearclass/logreg_pred_1.png Graphic file (type png)
<use ../src/linearclass/logreg_pred_1.png>
Package pdftex.def Info: ../src/linearclass/logreg_pred_1.png  used on input line 5.
(pdftex.def)             Requested size: 271.22293pt x 203.42825pt.
 [3]) (/home/tanwar/summer22/cs229/cs229-content-summer2020/Exercises/2022/pset1_sol/tex/linearclass/03-gda.tex) (/home/tanwar/summer22/cs229/cs229-content-summer2020/Exercises/2022/pset1_sol/tex/linearclass/03-gda-sol.tex
Overfull \hbox (1.09735pt too wide) detected at line 24
[]
 []

[4 <../src/linearclass/logreg_pred_1.png>]
Overfull \hbox (9.55295pt too wide) detected at line 39
[]
 []

) (/home/tanwar/summer22/cs229/cs229-content-summer2020/Exercises/2022/pset1_sol/tex/linearclass/04-gda-ll.tex [5]) (/home/tanwar/summer22/cs229/cs229-content-summer2020/Exercises/2022/pset1_sol/tex/linearclass/04-gda-ll-sol.tex
Overfull \hbox (38.01791pt too wide) in alignment at lines 5--13
 [][][] []
 []

[6]) (/home/tanwar/summer22/cs229/cs229-content-summer2020/Exercises/2022/pset1_sol/tex/linearclass/05-solve-gda.tex) (/home/tanwar/summer22/cs229/cs229-content-summer2020/Exercises/2022/pset1_sol/tex/linearclass/05-solve-gda-sol.tex
<../src/linearclass/gda_pred_1.png, id=43, 462.528pt x 346.896pt>
File: ../src/linearclass/gda_pred_1.png Graphic file (type png)
<use ../src/linearclass/gda_pred_1.png>
Package pdftex.def Info: ../src/linearclass/gda_pred_1.png  used on input line 5.
(pdftex.def)             Requested size: 271.22293pt x 203.42825pt.
) [7] (/home/tanwar/summer22/cs229/cs229-content-summer2020/Exercises/2022/pset1_sol/tex/linearclass/06-plot-ds1.tex) (/home/tanwar/summer22/cs229/cs229-content-summer2020/Exercises/2022/pset1_sol/tex/linearclass/06-plot-ds1-sol.tex) (/home/tanwar/summer22/cs229/cs229-content-summer2020/Exercises/2022/pset1_sol/tex/linearclass/07-plot-ds2.tex) (/home/tanwar/summer22/cs229/cs229-content-summer2020/Exercises/2022/pset1_sol/tex/linearclass/07-plot-ds2-sol.tex
<../src/linearclass/logreg_pred_2.png, id=48, 462.528pt x 346.896pt>
File: ../src/linearclass/logreg_pred_2.png Graphic file (type png)
<use ../src/linearclass/logreg_pred_2.png>
Package pdftex.def Info: ../src/linearclass/logreg_pred_2.png  used on input line 5.
(pdftex.def)             Requested size: 271.22293pt x 203.42825pt.
<../src/linearclass/gda_pred_2.png, id=49, 462.528pt x 346.896pt>
File: ../src/linearclass/gda_pred_2.png Graphic file (type png)
<use ../src/linearclass/gda_pred_2.png>
Package pdftex.def Info: ../src/linearclass/gda_pred_2.png  used on input line 8.
(pdftex.def)             Requested size: 271.22293pt x 203.42825pt.
 [8 <../src/linearclass/gda_pred_1.png>]) (/home/tanwar/summer22/cs229/cs229-content-summer2020/Exercises/2022/pset1_sol/tex/linearclass/08-transform.tex) (/home/tanwar/summer22/cs229/cs229-content-summer2020/Exercises/2022/pset1_sol/tex/linearclass/08-transform-sol.tex)) [9 <../src/linearclass/logreg_pred_2.png> <../src/linearclass/gda_pred_2.png>] (/home/tanwar/summer22/cs229/cs229-content-summer2020/Exercises/2022/pset1_sol/tex/posonly/00-main.tex (/home/tanwar/summer22/cs229/cs229-content-summer2020/Exercises/2022/pset1_sol/tex/posonly/01-train-t-labels.tex) (/home/tanwar/summer22/cs229/cs229-content-summer2020/Exercises/2022/pset1_sol/tex/posonly/01-train-t-labels-sol.tex
<../src/posonly/posonly_true_pred.png, id=59, 462.528pt x 346.896pt>
File: ../src/posonly/posonly_true_pred.png Graphic file (type png)
<use ../src/posonly/posonly_true_pred.png>
Package pdftex.def Info: ../src/posonly/posonly_true_pred.png  used on input line 6.
(pdftex.def)             Requested size: 271.22293pt x 203.42825pt.
 [10

]) (/home/tanwar/summer22/cs229/cs229-content-summer2020/Exercises/2022/pset1_sol/tex/posonly/02-train-y-labels.tex) (/home/tanwar/summer22/cs229/cs229-content-summer2020/Exercises/2022/pset1_sol/tex/posonly/02-train-y-labels-sol.tex
<../src/posonly/posonly_naive_pred.png, id=64, 462.528pt x 346.896pt>
File: ../src/posonly/posonly_naive_pred.png Graphic file (type png)
<use ../src/posonly/posonly_naive_pred.png>
Package pdftex.def Info: ../src/posonly/posonly_naive_pred.png  used on input line 5.
(pdftex.def)             Requested size: 271.22293pt x 203.42825pt.
 [11 <../src/posonly/posonly_true_pred.png>]) (/home/tanwar/summer22/cs229/cs229-content-summer2020/Exercises/2022/pset1_sol/tex/posonly/03-bayes-warm-up.tex) (/home/tanwar/summer22/cs229/cs229-content-summer2020/Exercises/2022/pset1_sol/tex/posonly/03-bayes-warm-up-sol.tex
Overfull \hbox (57.5665pt too wide) detected at line 8
[]
 []

) (/home/tanwar/summer22/cs229/cs229-content-summer2020/Exercises/2022/pset1_sol/tex/posonly/04-constant.tex [12 <../src/posonly/posonly_naive_pred.png>]) (/home/tanwar/summer22/cs229/cs229-content-summer2020/Exercises/2022/pset1_sol/tex/posonly/04-constant-sol.tex) (/home/tanwar/summer22/cs229/cs229-content-summer2020/Exercises/2022/pset1_sol/tex/posonly/05-estimate-alpha.tex) (/home/tanwar/summer22/cs229/cs229-content-summer2020/Exercises/2022/pset1_sol/tex/posonly/05-estimate-alpha-sol.tex [13]) (/home/tanwar/summer22/cs229/cs229-content-summer2020/Exercises/2022/pset1_sol/tex/posonly/06-plot.tex) (/home/tanwar/summer22/cs229/cs229-content-summer2020/Exercises/2022/pset1_sol/tex/posonly/06-plot-sol.tex
<../src/posonly/posonly_adjusted_pred.png, id=77, 462.528pt x 346.896pt>
File: ../src/posonly/posonly_adjusted_pred.png Graphic file (type png)
<use ../src/posonly/posonly_adjusted_pred.png>
Package pdftex.def Info: ../src/posonly/posonly_adjusted_pred.png  used on input line 5.
(pdftex.def)             Requested size: 271.22293pt x 203.42825pt.
) [14]) [15 <../src/posonly/posonly_adjusted_pred.png>] (/home/tanwar/summer22/cs229/cs229-content-summer2020/Exercises/2022/pset1_sol/tex/poisson/00-main.tex (/home/tanwar/summer22/cs229/cs229-content-summer2020/Exercises/2022/pset1_sol/tex/poisson/01-exponential.tex) (/home/tanwar/summer22/cs229/cs229-content-summer2020/Exercises/2022/pset1_sol/tex/poisson/01-exponential-sol.tex) (/home/tanwar/summer22/cs229/cs229-content-summer2020/Exercises/2022/pset1_sol/tex/poisson/02-response-fn.tex) (/home/tanwar/summer22/cs229/cs229-content-summer2020/Exercises/2022/pset1_sol/tex/poisson/02-response-fn-sol.tex) (/home/tanwar/summer22/cs229/cs229-content-summer2020/Exercises/2022/pset1_sol/tex/poisson/03-gd-update.tex) [16

] (/home/tanwar/summer22/cs229/cs229-content-summer2020/Exercises/2022/pset1_sol/tex/poisson/03-gd-update-sol.tex) (/home/tanwar/summer22/cs229/cs229-content-summer2020/Exercises/2022/pset1_sol/tex/poisson/04-regression.tex) [17] (/home/tanwar/summer22/cs229/cs229-content-summer2020/Exercises/2022/pset1_sol/tex/poisson/04-regression-sol.tex
<../src/poisson/poisson_valid.png, id=95, 462.528pt x 346.896pt>
File: ../src/poisson/poisson_valid.png Graphic file (type png)
<use ../src/poisson/poisson_valid.png>
Package pdftex.def Info: ../src/poisson/poisson_valid.png  used on input line 5.
(pdftex.def)             Requested size: 271.22293pt x 203.42825pt.
)) [18 <../src/poisson/poisson_valid.png>] (/home/tanwar/summer22/cs229/cs229-content-summer2020/Exercises/2022/pset1_sol/tex/glmconvexity/00-main.tex (/home/tanwar/summer22/cs229/cs229-content-summer2020/Exercises/2022/pset1_sol/tex/glmconvexity/01-mean.tex) (/home/tanwar/summer22/cs229/cs229-content-summer2020/Exercises/2022/pset1_sol/tex/glmconvexity/01-mean-sol.tex) (/home/tanwar/summer22/cs229/cs229-content-summer2020/Exercises/2022/pset1_sol/tex/glmconvexity/02-var.tex [19

]) (/home/tanwar/summer22/cs229/cs229-content-summer2020/Exercises/2022/pset1_sol/tex/glmconvexity/02-var-sol.tex) (/home/tanwar/summer22/cs229/cs229-content-summer2020/Exercises/2022/pset1_sol/tex/glmconvexity/03-hessian.tex) (/home/tanwar/summer22/cs229/cs229-content-summer2020/Exercises/2022/pset1_sol/tex/glmconvexity/03-hessian-sol.tex [20])) [21] (/home/tanwar/summer22/cs229/cs229-content-summer2020/Exercises/2022/pset1_sol/tex/featuremaps/00-main.tex (/home/tanwar/summer22/cs229/cs229-content-summer2020/Exercises/2022/pset1_sol/tex/featuremaps/01-degree-3-math.tex) (/home/tanwar/summer22/cs229/cs229-content-summer2020/Exercises/2022/pset1_sol/tex/featuremaps/01-degree-3-math-sol.tex [22

]) (/home/tanwar/summer22/cs229/cs229-content-summer2020/Exercises/2022/pset1_sol/tex/featuremaps/02-degree-3-code.tex) (/home/tanwar/summer22/cs229/cs229-content-summer2020/Exercises/2022/pset1_sol/tex/featuremaps/02-degree-3-code-sol.tex
<../src/featuremaps/large-poly3.png, id=114, 462.528pt x 346.896pt>
File: ../src/featuremaps/large-poly3.png Graphic file (type png)
<use ../src/featuremaps/large-poly3.png>
Package pdftex.def Info: ../src/featuremaps/large-poly3.png  used on input line 5.
(pdftex.def)             Requested size: 271.22293pt x 203.42825pt.
) (/home/tanwar/summer22/cs229/cs229-content-summer2020/Exercises/2022/pset1_sol/tex/featuremaps/03-degree-k-code.tex [23 <../src/featuremaps/large-poly3.png>]) (/home/tanwar/summer22/cs229/cs229-content-summer2020/Exercises/2022/pset1_sol/tex/featuremaps/03-degree-k-code-sol.tex
<../src/featuremaps/large-poly.png, id=119, 462.528pt x 346.896pt>
File: ../src/featuremaps/large-poly.png Graphic file (type png)
<use ../src/featuremaps/large-poly.png>
Package pdftex.def Info: ../src/featuremaps/large-poly.png  used on input line 5.
(pdftex.def)             Requested size: 271.22293pt x 203.42825pt.
) (/home/tanwar/summer22/cs229/cs229-content-summer2020/Exercises/2022/pset1_sol/tex/featuremaps/04-other-features.tex [24 <../src/featuremaps/large-poly.png>]) (/home/tanwar/summer22/cs229/cs229-content-summer2020/Exercises/2022/pset1_sol/tex/featuremaps/04-other-features-sol.tex
<../src/featuremaps/large-sine.png, id=124, 462.528pt x 346.896pt>
File: ../src/featuremaps/large-sine.png Graphic file (type png)
<use ../src/featuremaps/large-sine.png>
Package pdftex.def Info: ../src/featuremaps/large-sine.png  used on input line 5.
(pdftex.def)             Requested size: 271.22293pt x 203.42825pt.
) (/home/tanwar/summer22/cs229/cs229-content-summer2020/Exercises/2022/pset1_sol/tex/featuremaps/05-overfitting.tex [25 <../src/featuremaps/large-sine.png>]) (/home/tanwar/summer22/cs229/cs229-content-summer2020/Exercises/2022/pset1_sol/tex/featuremaps/05-overfitting-sol.tex
<../src/featuremaps/small-poly.png, id=130, 462.528pt x 346.896pt>
File: ../src/featuremaps/small-poly.png Graphic file (type png)
<use ../src/featuremaps/small-poly.png>
Package pdftex.def Info: ../src/featuremaps/small-poly.png  used on input line 5.
(pdftex.def)             Requested size: 271.22293pt x 203.42825pt.
<../src/featuremaps/small-sine.png, id=131, 462.528pt x 346.896pt>
File: ../src/featuremaps/small-sine.png Graphic file (type png)
<use ../src/featuremaps/small-sine.png>
Package pdftex.def Info: ../src/featuremaps/small-sine.png  used on input line 10.
(pdftex.def)             Requested size: 271.22293pt x 203.42825pt.
 [26])) [27 <../src/featuremaps/small-poly.png> <../src/featuremaps/small-sine.png>] (/home/tanwar/summer22/cs229/cs229-content-summer2020/Exercises/2022/pset1_sol/tex/ps1.aux) ) 
Here is how much of TeX's memory you used:
 17996 strings out of 483183
 346762 string characters out of 5966292
 549461 words of memory out of 5000000
 32445 multiletter control sequences out of 15000+600000
 541637 words of font info for 60 fonts, out of 8000000 for 9000
 14 hyphenation exceptions out of 8191
 63i,15n,62p,1004b,611s stack positions out of 5000i,500n,10000p,200000b,80000s
 </home/tanwar/.texlive2019/texmf-var/fonts/pk/ljfour/jknappen/ec/tcrm1000.600pk></usr/share/texlive/texmf-dist/fonts/type1/public/amsfonts/cm/cmbx10.pfb></usr/share/texlive/texmf-dist/fonts/type1/public/amsfonts/cm/cmex10.pfb></usr/share/texlive/texmf-dist/fonts/type1/public/amsfonts/cmextra/cmex7.pfb></usr/share/texlive/texmf-dist/fonts/type1/public/amsfonts/cm/cmmi10.pfb></usr/share/texlive/texmf-dist/fonts/type1/public/amsfonts/cm/cmmi5.pfb></usr/share/texlive/texmf-dist/fonts/type1/public/amsfonts/cm/cmmi7.pfb></usr/share/texlive/texmf-dist/fonts/type1/public/amsfonts/cm/cmmi8.pfb></usr/share/texlive/texmf-dist/fonts/type1/public/amsfonts/cm/cmr10.pfb></usr/share/texlive/texmf-dist/fonts/type1/public/amsfonts/cm/cmr17.pfb></usr/share/texlive/texmf-dist/fonts/type1/public/amsfonts/cm/cmr5.pfb></usr/share/texlive/texmf-dist/fonts/type1/public/amsfonts/cm/cmr6.pfb></usr/share/texlive/texmf-dist/fonts/type1/public/amsfonts/cm/cmr7.pfb></usr/share/texlive/texmf-dist/fonts/type1/public/amsfonts/cm/cmr8.pfb></usr/share/texlive/texmf-dist/fonts/type1/public/amsfonts/cm/cmsl10.pfb></usr/share/texlive/texmf-dist/fonts/type1/public/amsfonts/cm/cmss10.pfb></usr/share/texlive/texmf-dist/fonts/type1/public/amsfonts/cm/cmsy10.pfb></usr/share/texlive/texmf-dist/fonts/type1/public/amsfonts/cm/cmsy7.pfb></usr/share/texlive/texmf-dist/fonts/type1/public/amsfonts/cm/cmti10.pfb></usr/share/texlive/texmf-dist/fonts/type1/public/amsfonts/cm/cmtt10.pfb></usr/share/texlive/texmf-dist/fonts/type1/public/amsfonts/symbols/msam10.pfb></usr/share/texlive/texmf-dist/fonts/type1/public/amsfonts/symbols/msbm10.pfb>
Output written on /home/tanwar/summer22/cs229/cs229-content-summer2020/Exercises/2022/pset1_sol/tex/ps1.pdf (27 pages, 624481 bytes).
PDF statistics:
 211 PDF objects out of 1000 (max. 8388607)
 132 compressed objects within 2 object streams
 0 named destinations out of 1000 (max. 500000)
 78 words of extra memory for PDF output out of 10000 (max. 10000000)

